2024-08-05 15:10:23 - django.utils.autoreload - INFO - Watching for file changes with StatReloader
2024-08-05 15:10:28 - django.server - INFO - "GET /api/tracking/dashboard-data/ HTTP/1.1" 200 2745
2024-08-05 15:10:28 - django.server - INFO - "GET /frontend/dashboard/ HTTP/1.1" 200 48017
2024-08-05 15:10:28 - django.request - WARNING - Not Found: /favicon.ico
2024-08-05 15:10:28 - django.server - WARNING - "GET /favicon.ico HTTP/1.1" 404 3148
2024-08-05 15:11:08 - django.utils.autoreload - INFO - /home/rahul/conda_ws/django_ws/email_tracker_barebones/email_tracker_RENDER/email_tracker/settings.py changed, reloading.
2024-08-05 15:11:09 - django.utils.autoreload - INFO - Watching for file changes with StatReloader
2024-08-05 15:11:25 - django.server - INFO - "GET /api/tracking/dashboard-data/ HTTP/1.1" 200 2745
2024-08-05 15:11:25 - django.server - INFO - "GET /frontend/dashboard/ HTTP/1.1" 200 48017
2024-08-05 15:11:33 - django.server - INFO - "GET /api/tracking/dashboard-data/ HTTP/1.1" 200 2745
2024-08-05 15:11:33 - django.server - INFO - "GET /frontend/dashboard/ HTTP/1.1" 200 48017
2024-08-05 15:11:59 - django.server - INFO - "GET /api/tracking/dashboard-data/ HTTP/1.1" 200 2745
2024-08-05 15:11:59 - django.server - INFO - "GET /frontend/dashboard/ HTTP/1.1" 200 48017
2024-08-05 15:12:07 - django.server - INFO - "GET /api/tracking/serve-image/logo.png/ HTTP/1.1" 200 7276
2024-08-05 15:12:07 - django.server - INFO - "GET /api/tracking/track-pixel/a73a4a59a9c24b48a8bdbb164a682a1e/?sender=InVzZXIxIg:1sarht:_GrfUjWTwpBSOnkDGqa6iUrvU4m_3Wz16wmP9xu1NYM&resource=pixel.png HTTP/1.1" 200 95
2024-08-05 15:12:12 - django.server - INFO - "GET /api/tracking/track-link/5/?sender=InVzZXIxIg:1sarht:rVx5pJBFFYYKwRZ8QO8dN7W0MEzxFHaNb7ny-qyI4L8 HTTP/1.1" 302 0
2024-08-05 15:15:43 - django.utils.autoreload - INFO - /home/rahul/conda_ws/django_ws/email_tracker_barebones/email_tracker_RENDER/sending/sending_utils.py changed, reloading.
2024-08-05 15:15:43 - django.utils.autoreload - INFO - Watching for file changes with StatReloader
2024-08-05 15:15:53 - django.utils.autoreload - INFO - /home/rahul/conda_ws/django_ws/email_tracker_barebones/email_tracker_RENDER/tracking/urls.py changed, reloading.
2024-08-05 15:15:53 - django.utils.autoreload - INFO - Watching for file changes with StatReloader
2024-08-05 15:16:04 - django.utils.autoreload - INFO - /home/rahul/conda_ws/django_ws/email_tracker_barebones/email_tracker_RENDER/tracking/views.py changed, reloading.
2024-08-05 15:16:04 - django.utils.autoreload - INFO - Watching for file changes with StatReloader
2024-08-05 15:16:38 - django.utils.autoreload - INFO - /home/rahul/conda_ws/django_ws/email_tracker_barebones/email_tracker_RENDER/email_tracker/settings.py changed, reloading.
2024-08-05 15:16:38 - django.utils.autoreload - INFO - Watching for file changes with StatReloader
2024-08-05 15:17:26 - django.utils.autoreload - INFO - /home/rahul/conda_ws/django_ws/email_tracker_barebones/email_tracker_RENDER/email_tracker/settings.py changed, reloading.
2024-08-05 15:17:26 - django.utils.autoreload - INFO - Watching for file changes with StatReloader
2024-08-05 15:17:31 - django.utils.autoreload - INFO - Watching for file changes with StatReloader
2024-08-05 15:17:38 - django.server - INFO - "GET /api/tracking/dashboard-data/ HTTP/1.1" 200 2745
2024-08-05 15:17:38 - django.server - INFO - "GET /frontend/dashboard/ HTTP/1.1" 200 48824
2024-08-05 15:17:58 - django.server - INFO - "GET /api/tracking/serve-image/logo.png/ HTTP/1.1" 200 7276
2024-08-05 15:17:58 - django - INFO - urls.py: PIXEL Request received for email test6@test.com from ip: 127.0.0.1
2024-08-05 15:17:58 - django - INFO - 'handle_tracking' called! Process ID: 1048673, Thread ID: 132185864529472
2024-08-05 15:17:58 - django - INFO - views.py/handle_tracking: PrefetchCheck - Current time: 2024-08-05 09:47:58.491591+00:00 | Mail sent: 2024-08-05 07:44:00.787389+00:00 | Difference: 2:03:57.704202
2024-08-05 15:17:58 - django - INFO - views.py/handle_tracking: MultihitCheck - Current time: 2024-08-05 09:47:58.491591+00:00 | last_log time: 2024-08-05 09:39:53.604963+00:00 | Difference: 0:08:04.886628
2024-08-05 15:17:58 - django.server - INFO - "GET /api/tracking/track-pixel/8b36ac288eac41d7baa83048baac7cf0/?sender=InVzZXIxIg:1sasNs:5ZfpxR4g6HOSUYFWlePJBEw1Zi-mrtxqu9n6yEmy4lc&resource=pixel.png HTTP/1.1" 200 95
2024-08-05 15:18:00 - django - INFO - urls.py: LINK Request received for email test6@test.com from ip: 127.0.0.1
2024-08-05 15:18:00 - django.server - INFO - "GET /api/tracking/track-link/6/?sender=InVzZXIxIg:1sasNs:BHW6ka0QfehMc5BI7g4zoprDKlX5yng7w291HOTqvl0 HTTP/1.1" 302 0
2024-08-05 15:18:13 - django - INFO - urls.py: LINK Request received for email test6@test.com from ip: 127.0.0.1
2024-08-05 15:18:13 - django.server - INFO - "GET /api/tracking/track-link/6/?sender=InVzZXIxIg:1sasNs:BHW6ka0QfehMc5BI7g4zoprDKlX5yng7w291HOTqvl0 HTTP/1.1" 302 0
2024-08-05 15:18:18 - django.server - INFO - "GET /api/tracking/dashboard-data/ HTTP/1.1" 200 2745
2024-08-05 15:18:18 - django.server - INFO - "GET /frontend/dashboard/ HTTP/1.1" 200 49956
2024-08-05 15:18:36 - django.server - INFO - "GET /api/tracking/dashboard-data/ HTTP/1.1" 200 2745
2024-08-05 15:18:36 - django.server - INFO - "GET /frontend/dashboard/ HTTP/1.1" 200 49956
2024-08-05 15:19:42 - django.utils.autoreload - INFO - /home/rahul/conda_ws/django_ws/email_tracker_barebones/email_tracker_RENDER/email_tracker/settings.py changed, reloading.
